# JRE version: Java(TM) SE Runtime Environment (7.0_75-b13) (build 1.7.0_75-b13)
# Java VM: Java HotSpot(TM) 64-Bit Server VM (24.75-b04 mixed mode bsd-amd64 compressed oops)
Heap
 PSYoungGen      total 18432K, used 467K [0x00000007eaa80000, 0x00000007ebe00000, 0x0000000800000000)
  eden space 16896K, 2% used [0x00000007eaa80000,0x00000007eaad4dd8,0x00000007ebb00000)
  from space 1536K, 8% used [0x00000007ebb00000,0x00000007ebb20000,0x00000007ebc80000)
  to   space 1536K, 0% used [0x00000007ebc80000,0x00000007ebc80000,0x00000007ebe00000)
 ParOldGen       total 43520K, used 1164K [0x00000007c0000000, 0x00000007c2a80000, 0x00000007eaa80000)
  object space 43520K, 2% used [0x00000007c0000000,0x00000007c0123180,0x00000007c2a80000)
 PSPermGen       total 21504K, used 6591K [0x00000007bae00000, 0x00000007bc300000, 0x00000007c0000000)
  object space 21504K, 30% used [0x00000007bae00000,0x00000007bb46fc70,0x00000007bc300000)
GC Heap History (10 events):
Event: 258.233 GC heap before
{Heap before GC invocations=19 (full 0):
 PSYoungGen      total 18944K, used 16992K [0x00000007eaa80000, 0x00000007ebf00000, 0x0000000800000000)
  eden space 16896K, 100% used [0x00000007eaa80000,0x00000007ebb00000,0x00000007ebb00000)
  from space 2048K, 4% used [0x00000007ebd00000,0x00000007ebd18000,0x00000007ebf00000)
  to   space 2048K, 0% used [0x00000007ebb00000,0x00000007ebb00000,0x00000007ebd00000)
 ParOldGen       total 43520K, used 1092K [0x00000007c0000000, 0x00000007c2a80000, 0x00000007eaa80000)
  object space 43520K, 2% used [0x00000007c0000000,0x00000007c0111180,0x00000007c2a80000)
 PSPermGen       total 21504K, used 6584K [0x00000007bae00000, 0x00000007bc300000, 0x00000007c0000000)
  object space 21504K, 30% used [0x00000007bae00000,0x00000007bb46e3f8,0x00000007bc300000)
Event: 258.234 GC heap after
Heap after GC invocations=19 (full 0):
 PSYoungGen      total 18944K, used 160K [0x00000007eaa80000, 0x00000007ebf00000, 0x0000000800000000)
  eden space 16896K, 0% used [0x00000007eaa80000,0x00000007eaa80000,0x00000007ebb00000)
  from space 2048K, 7% used [0x00000007ebb00000,0x00000007ebb28000,0x00000007ebd00000)
  to   space 2048K, 0% used [0x00000007ebd00000,0x00000007ebd00000,0x00000007ebf00000)
 ParOldGen       total 43520K, used 1100K [0x00000007c0000000, 0x00000007c2a80000, 0x00000007eaa80000)
  object space 43520K, 2% used [0x00000007c0000000,0x00000007c0113180,0x00000007c2a80000)
 PSPermGen       total 21504K, used 6584K [0x00000007bae00000, 0x00000007bc300000, 0x00000007c0000000)
  object space 21504K, 30% used [0x00000007bae00000,0x00000007bb46e3f8,0x00000007bc300000)
}
Event: 268.996 GC heap before
{Heap before GC invocations=20 (full 0):
 PSYoungGen      total 18944K, used 17056K [0x00000007eaa80000, 0x00000007ebf00000, 0x0000000800000000)
  eden space 16896K, 100% used [0x00000007eaa80000,0x00000007ebb00000,0x00000007ebb00000)
  from space 2048K, 7% used [0x00000007ebb00000,0x00000007ebb28000,0x00000007ebd00000)
  to   space 2048K, 0% used [0x00000007ebd00000,0x00000007ebd00000,0x00000007ebf00000)
 ParOldGen       total 43520K, used 1100K [0x00000007c0000000, 0x00000007c2a80000, 0x00000007eaa80000)
  object space 43520K, 2% used [0x00000007c0000000,0x00000007c0113180,0x00000007c2a80000)
 PSPermGen       total 21504K, used 6584K [0x00000007bae00000, 0x00000007bc300000, 0x00000007c0000000)
  object space 21504K, 30% used [0x00000007bae00000,0x00000007bb46e3f8,0x00000007bc300000)
Event: 268.997 GC heap after
Heap after GC invocations=20 (full 0):
 PSYoungGen      total 17920K, used 128K [0x00000007eaa80000, 0x00000007ebe00000, 0x0000000800000000)
  eden space 16896K, 0% used [0x00000007eaa80000,0x00000007eaa80000,0x00000007ebb00000)
  from space 1024K, 12% used [0x00000007ebd00000,0x00000007ebd20000,0x00000007ebe00000)
  to   space 1536K, 0% used [0x00000007ebb00000,0x00000007ebb00000,0x00000007ebc80000)
 ParOldGen       total 43520K, used 1140K [0x00000007c0000000, 0x00000007c2a80000, 0x00000007eaa80000)
  object space 43520K, 2% used [0x00000007c0000000,0x00000007c011d180,0x00000007c2a80000)
 PSPermGen       total 21504K, used 6584K [0x00000007bae00000, 0x00000007bc300000, 0x00000007c0000000)
  object space 21504K, 30% used [0x00000007bae00000,0x00000007bb46e3f8,0x00000007bc300000)
}
Event: 280.798 GC heap before
{Heap before GC invocations=21 (full 0):
 PSYoungGen      total 17920K, used 17024K [0x00000007eaa80000, 0x00000007ebe00000, 0x0000000800000000)
  eden space 16896K, 100% used [0x00000007eaa80000,0x00000007ebb00000,0x00000007ebb00000)
  from space 1024K, 12% used [0x00000007ebd00000,0x00000007ebd20000,0x00000007ebe00000)
  to   space 1536K, 0% used [0x00000007ebb00000,0x00000007ebb00000,0x00000007ebc80000)
 ParOldGen       total 43520K, used 1140K [0x00000007c0000000, 0x00000007c2a80000, 0x00000007eaa80000)
  object space 43520K, 2% used [0x00000007c0000000,0x00000007c011d180,0x00000007c2a80000)
 PSPermGen       total 21504K, used 6584K [0x00000007bae00000, 0x00000007bc300000, 0x00000007c0000000)
  object space 21504K, 30% used [0x00000007bae00000,0x00000007bb46e3f8,0x00000007bc300000)
Event: 280.798 GC heap after
Heap after GC invocations=21 (full 0):
 PSYoungGen      total 18432K, used 96K [0x00000007eaa80000, 0x00000007ebe00000, 0x0000000800000000)
  eden space 16896K, 0% used [0x00000007eaa80000,0x00000007eaa80000,0x00000007ebb00000)
  from space 1536K, 6% used [0x00000007ebb00000,0x00000007ebb18000,0x00000007ebc80000)
  to   space 1536K, 0% used [0x00000007ebc80000,0x00000007ebc80000,0x00000007ebe00000)
 ParOldGen       total 43520K, used 1148K [0x00000007c0000000, 0x00000007c2a80000, 0x00000007eaa80000)
  object space 43520K, 2% used [0x00000007c0000000,0x00000007c011f180,0x00000007c2a80000)
 PSPermGen       total 21504K, used 6584K [0x00000007bae00000, 0x00000007bc300000, 0x00000007c0000000)
  object space 21504K, 30% used [0x00000007bae00000,0x00000007bb46e3f8,0x00000007bc300000)
}
Event: 290.707 GC heap before
{Heap before GC invocations=22 (full 0):
 PSYoungGen      total 18432K, used 16992K [0x00000007eaa80000, 0x00000007ebe00000, 0x0000000800000000)
  eden space 16896K, 100% used [0x00000007eaa80000,0x00000007ebb00000,0x00000007ebb00000)
  from space 1536K, 6% used [0x00000007ebb00000,0x00000007ebb18000,0x00000007ebc80000)
  to   space 1536K, 0% used [0x00000007ebc80000,0x00000007ebc80000,0x00000007ebe00000)
 ParOldGen       total 43520K, used 1148K [0x00000007c0000000, 0x00000007c2a80000, 0x00000007eaa80000)
  object space 43520K, 2% used [0x00000007c0000000,0x00000007c011f180,0x00000007c2a80000)
 PSPermGen       total 21504K, used 6585K [0x00000007bae00000, 0x00000007bc300000, 0x00000007c0000000)
  object space 21504K, 30% used [0x00000007bae00000,0x00000007bb46e688,0x00000007bc300000)
Event: 290.707 GC heap after
Heap after GC invocations=22 (full 0):
 PSYoungGen      total 18432K, used 128K [0x00000007eaa80000, 0x00000007ebe00000, 0x0000000800000000)
  eden space 16896K, 0% used [0x00000007eaa80000,0x00000007eaa80000,0x00000007ebb00000)
  from space 1536K, 8% used [0x00000007ebc80000,0x00000007ebca0000,0x00000007ebe00000)
  to   space 1536K, 0% used [0x00000007ebb00000,0x00000007ebb00000,0x00000007ebc80000)
 ParOldGen       total 43520K, used 1156K [0x00000007c0000000, 0x00000007c2a80000, 0x00000007eaa80000)
  object space 43520K, 2% used [0x00000007c0000000,0x00000007c0121180,0x00000007c2a80000)
 PSPermGen       total 21504K, used 6585K [0x00000007bae00000, 0x00000007bc300000, 0x00000007c0000000)
  object space 21504K, 30% used [0x00000007bae00000,0x00000007bb46e688,0x00000007bc300000)
}
Event: 306.238 GC heap before
{Heap before GC invocations=23 (full 0):
 PSYoungGen      total 18432K, used 17024K [0x00000007eaa80000, 0x00000007ebe00000, 0x0000000800000000)
  eden space 16896K, 100% used [0x00000007eaa80000,0x00000007ebb00000,0x00000007ebb00000)
  from space 1536K, 8% used [0x00000007ebc80000,0x00000007ebca0000,0x00000007ebe00000)
  to   space 1536K, 0% used [0x00000007ebb00000,0x00000007ebb00000,0x00000007ebc80000)
 ParOldGen       total 43520K, used 1156K [0x00000007c0000000, 0x00000007c2a80000, 0x00000007eaa80000)
  object space 43520K, 2% used [0x00000007c0000000,0x00000007c0121180,0x00000007c2a80000)
 PSPermGen       total 21504K, used 6585K [0x00000007bae00000, 0x00000007bc300000, 0x00000007c0000000)
  object space 21504K, 30% used [0x00000007bae00000,0x00000007bb46e7d8,0x00000007bc300000)
Event: 306.239 GC heap after
Heap after GC invocations=23 (full 0):
 PSYoungGen      total 18432K, used 128K [0x00000007eaa80000, 0x00000007ebe00000, 0x0000000800000000)
  eden space 16896K, 0% used [0x00000007eaa80000,0x00000007eaa80000,0x00000007ebb00000)
  from space 1536K, 8% used [0x00000007ebb00000,0x00000007ebb20000,0x00000007ebc80000)
  to   space 1536K, 0% used [0x00000007ebc80000,0x00000007ebc80000,0x00000007ebe00000)
 ParOldGen       total 43520K, used 1164K [0x00000007c0000000, 0x00000007c2a80000, 0x00000007eaa80000)
  object space 43520K, 2% used [0x00000007c0000000,0x00000007c0123180,0x00000007c2a80000)
 PSPermGen       total 21504K, used 6585K [0x00000007bae00000, 0x00000007bc300000, 0x00000007c0000000)
  object space 21504K, 30% used [0x00000007bae00000,0x00000007bb46e7d8,0x00000007bc300000)
}

